<?xml version="1.0" encoding="UTF-8"?>
<!-- Generated by org.testng.reporters.JUnitReportReporter -->
<testsuite name="com.jbk.tests.RegisterTest" tests="8" time="1.477" ignored="0" failures="0" timestamp="04 Jun 2021 11:54:23 GMT" skipped="0" hostname="LAPTOP-COQHVDGR" errors="0">
  <testcase name="verifyPlaceholders" time="0.102" classname="com.jbk.tests.RegisterTest"/>
  <testcase name="verifyValidSignIn" time="0.543" classname="com.jbk.tests.RegisterTest"/>
  <testcase name="verifyHeading" time="0.047" classname="com.jbk.tests.RegisterTest"/>
  <testcase name="verifyUrl" time="0.020" classname="com.jbk.tests.RegisterTest"/>
  <testcase name="verifyBlankSignIn" time="0.202" classname="com.jbk.tests.RegisterTest"/>
  <testcase name="verifyTitle" time="0.016" classname="com.jbk.tests.RegisterTest"/>
  <testcase name="verifyAlreadyMemberLink" time="0.494" classname="com.jbk.tests.RegisterTest"/>
  <testcase name="verifyAlreadyMemberText" time="0.053" classname="com.jbk.tests.RegisterTest"/>
</testsuite> <!-- com.jbk.tests.RegisterTest -->
