<?xml version="1.0" encoding="UTF-8"?>
<!-- Generated by org.testng.reporters.JUnitReportReporter -->
<testsuite name="com.jbk.tests.UsersTest" tests="10" time="2.604" ignored="0" failures="0" timestamp="04 Jun 2021 11:54:23 GMT" skipped="0" hostname="LAPTOP-COQHVDGR" errors="0">
  <testcase name="verifyStateMaharashtra" time="0.069" classname="com.jbk.tests.UsersTest"/>
  <testcase name="verifyHeadingsAl" time="0.184" classname="com.jbk.tests.UsersTest"/>
  <testcase name="verifySeleniumFaculty" time="0.201" classname="com.jbk.tests.UsersTest"/>
  <testcase name="verifyClickDeleteAlertMsg" time="0.520" classname="com.jbk.tests.UsersTest"/>
  <testcase name="verifyUnameInOrder" time="0.092" classname="com.jbk.tests.UsersTest"/>
  <testcase name="verifyGmail_com" time="0.234" classname="com.jbk.tests.UsersTest"/>
  <testcase name="verifyMobNoLength" time="0.240" classname="com.jbk.tests.UsersTest"/>
  <testcase name="verifyMaleGender" time="0.220" classname="com.jbk.tests.UsersTest"/>
  <testcase name="verifyToolTip" time="0.098" classname="com.jbk.tests.UsersTest"/>
  <testcase name="verifyComplete_UsersTable" time="0.746" classname="com.jbk.tests.UsersTest"/>
</testsuite> <!-- com.jbk.tests.UsersTest -->
