<?xml version="1.0" encoding="UTF-8"?>
<!-- Generated by org.testng.reporters.JUnitReportReporter -->
<testsuite name="com.jbk.tests.OperatorsTest" tests="9" time="2.794" ignored="0" failures="0" timestamp="04 Jun 2021 11:54:23 GMT" skipped="0" hostname="LAPTOP-COQHVDGR" errors="0">
  <testcase name="verifyFacultiesNotAvailableOnSunday" time="0.216" classname="com.jbk.tests.OperatorsTest"/>
  <testcase name="verifyPrefferedWayToConnect_WhatsApp_ButNot_PhoneCall" time="0.316" classname="com.jbk.tests.OperatorsTest"/>
  <testcase name="verifyPrefferedWayToConnect_WhatsApp_And_PhoneCall" time="0.323" classname="com.jbk.tests.OperatorsTest"/>
  <testcase name="verifyComplete_OperatorsTable" time="0.711" classname="com.jbk.tests.OperatorsTest"/>
  <testcase name="verifyPrefferedWayToConnect_WhatsApp" time="0.264" classname="com.jbk.tests.OperatorsTest"/>
  <testcase name="verifyNamesInAlphabeticalOrder" time="0.078" classname="com.jbk.tests.OperatorsTest"/>
  <testcase name="verifyFacultiesAvailableOnMonday" time="0.274" classname="com.jbk.tests.OperatorsTest"/>
  <testcase name="verifycontactNoLength" time="0.339" classname="com.jbk.tests.OperatorsTest"/>
  <testcase name="verifyPrefferedWayToConnect_PhoneCall" time="0.273" classname="com.jbk.tests.OperatorsTest"/>
</testsuite> <!-- com.jbk.tests.OperatorsTest -->
