<?xml version="1.0" encoding="UTF-8"?>
<!-- Generated by org.testng.reporters.JUnitReportReporter -->
<testsuite name="com.jbk.tests.LoginTest" tests="15" time="4.364" ignored="0" failures="0" timestamp="04 Jun 2021 11:54:23 GMT" skipped="0" hostname="LAPTOP-COQHVDGR" errors="0">
  <testcase name="verifyBlankLogInErrorMessage" time="0.270" classname="com.jbk.tests.LoginTest"/>
  <testcase name="verifyInvalidLogInErrorMessage" time="0.048" classname="com.jbk.tests.LoginTest"/>
  <testcase name="verifyRegisterLinkText" time="0.044" classname="com.jbk.tests.LoginTest"/>
  <testcase name="verifyLogo" time="0.050" classname="com.jbk.tests.LoginTest"/>
  <testcase name="verifyPlaceholders" time="0.055" classname="com.jbk.tests.LoginTest"/>
  <testcase name="verifyRegisterLink" time="0.356" classname="com.jbk.tests.LoginTest"/>
  <testcase name="verifySubHeading" time="0.038" classname="com.jbk.tests.LoginTest"/>
  <testcase name="verifyInvalidLogIn" time="0.288" classname="com.jbk.tests.LoginTest"/>
  <testcase name="verifyValidLogIn" time="0.502" classname="com.jbk.tests.LoginTest"/>
  <testcase name="verifyMainHeading" time="0.048" classname="com.jbk.tests.LoginTest"/>
  <testcase name="verifyUrlOfLoginPage" time="0.238" classname="com.jbk.tests.LoginTest"/>
  <testcase name="verifyTitle" time="0.009" classname="com.jbk.tests.LoginTest"/>
  <testcase name="verifyLogoutSuccessfullyMessage" time="0.063" classname="com.jbk.tests.LoginTest"/>
  <testcase name="loginWithAlldata" time="2.328" classname="com.jbk.tests.LoginTest"/>
  <testcase name="verifySignInBoxHeading" time="0.027" classname="com.jbk.tests.LoginTest"/>
</testsuite> <!-- com.jbk.tests.LoginTest -->
