<?xml version="1.0" encoding="UTF-8"?>
<!-- Generated by org.testng.reporters.JUnitReportReporter -->
<testsuite name="com.jbk.tests.DownloadsTest" tests="4" time="2.556" ignored="0" failures="0" timestamp="04 Jun 2021 11:54:23 GMT" skipped="0" hostname="LAPTOP-COQHVDGR" errors="0">
  <testcase name="verifyCommon" time="0.507" classname="com.jbk.tests.DownloadsTest"/>
  <testcase name="verifyNone" time="0.486" classname="com.jbk.tests.DownloadsTest"/>
  <testcase name="verifyComplete_DownloadsTable" time="1.075" classname="com.jbk.tests.DownloadsTest"/>
  <testcase name="verifyOperatingSystem_32bit" time="0.488" classname="com.jbk.tests.DownloadsTest"/>
</testsuite> <!-- com.jbk.tests.DownloadsTest -->
