<?xml version="1.0" encoding="UTF-8"?>
<!-- Generated by org.testng.reporters.JUnitReportReporter -->
<testsuite name="com.jbk.tests.AddUserTest" tests="3" time="3.586" ignored="0" failures="0" timestamp="04 Jun 2021 11:54:23 GMT" skipped="0" hostname="LAPTOP-COQHVDGR" errors="0">
  <testcase name="verifyValidAddUser" time="2.978" classname="com.jbk.tests.AddUserTest"/>
  <testcase name="verifyprintingDragDownOptExcel" time="0.408" classname="com.jbk.tests.AddUserTest"/>
  <testcase name="verifyPrintingDragDownOptions" time="0.200" classname="com.jbk.tests.AddUserTest"/>
</testsuite> <!-- com.jbk.tests.AddUserTest -->
